2020-05-16 15:46:42,627 - football_trading.src.utils.logging - INFO - update_tables:69 - Tables are up to date, skipping update.
2020-05-16 15:46:42,629 - football_trading.src.utils.logging - INFO - load_model:239 - Attempting to load XGBClassifier model for date: latest
2020-05-16 15:46:42,629 - football_trading.src.utils.logging - INFO - load_model:258 - load_model: Loading model with filename: match-predict-base_XGBClassifier_2020-05-06_6447858502481674227.joblib
2020-05-16 15:46:42,633 - football_trading.src.utils.logging - INFO - __init__:94 - Training a new model.
2020-05-16 15:46:42,696 - football_trading.src.utils.logging - INFO - get_data:184 - Pre-processing data and generating features.
2020-05-16 15:49:40,462 - football_trading.src.utils.logging - INFO - train_model:52 - Training model.
2020-05-16 15:49:41,990 - football_trading.src.utils.logging - INFO - train_model:92 - Training finished. accuracy_score: 0.5963855421686747
2020-05-16 15:49:43,401 - football_trading.src.utils.logging - INFO - train_model:92 - Training finished. accuracy_score: 0.572289156626506
2020-05-16 15:49:44,864 - football_trading.src.utils.logging - INFO - train_model:92 - Training finished. accuracy_score: 0.5662650602409639
2020-05-16 15:49:46,225 - football_trading.src.utils.logging - INFO - train_model:92 - Training finished. accuracy_score: 0.5393939393939394
2020-05-16 15:49:47,542 - football_trading.src.utils.logging - INFO - train_model:92 - Training finished. accuracy_score: 0.6181818181818182
2020-05-16 15:49:48,856 - football_trading.src.utils.logging - INFO - train_model:92 - Training finished. accuracy_score: 0.6424242424242425
2020-05-16 15:49:50,177 - football_trading.src.utils.logging - INFO - train_model:92 - Training finished. accuracy_score: 0.5696969696969697
2020-05-16 15:49:51,537 - football_trading.src.utils.logging - INFO - train_model:92 - Training finished. accuracy_score: 0.5454545454545454
2020-05-16 15:49:52,867 - football_trading.src.utils.logging - INFO - train_model:92 - Training finished. accuracy_score: 0.5636363636363636
2020-05-16 15:49:54,206 - football_trading.src.utils.logging - INFO - train_model:92 - Training finished. accuracy_score: 0.5454545454545454
2020-05-16 15:49:54,206 - football_trading.src.utils.logging - INFO - compare_latest_model:317 - New model does not beat previous model.
2020-05-16 15:49:54,207 - football_trading.src.utils.logging - INFO - compare_latest_model:319 - accuracy_score: Previous Model: 0.6424242424242425, New Model: 0.6424242424242425
2020-05-16 15:52:37,102 - football_trading.src.utils.logging - INFO - load_model:239 - Attempting to load XGBClassifier model for date: latest
2020-05-16 15:52:37,102 - football_trading.src.utils.logging - INFO - load_model:258 - load_model: Loading model with filename: match-predict-base-remove-odds_XGBClassifier_2020-05-06_104671415118706150.joblib
2020-05-16 15:52:37,107 - football_trading.src.utils.logging - INFO - __init__:94 - Training a new model.
2020-05-16 15:52:37,172 - football_trading.src.utils.logging - INFO - get_data:183 - Pre-processing data and generating features.
2020-05-16 15:55:15,466 - football_trading.src.utils.logging - INFO - train_model:52 - Training model.
2020-05-16 15:55:16,733 - football_trading.src.utils.logging - INFO - train_model:92 - Training finished. accuracy_score: 0.5963855421686747
2020-05-16 15:55:18,008 - football_trading.src.utils.logging - INFO - train_model:92 - Training finished. accuracy_score: 0.572289156626506
2020-05-16 15:55:19,312 - football_trading.src.utils.logging - INFO - train_model:92 - Training finished. accuracy_score: 0.5662650602409639
2020-05-16 15:55:20,590 - football_trading.src.utils.logging - INFO - train_model:92 - Training finished. accuracy_score: 0.5393939393939394
2020-05-16 15:55:21,880 - football_trading.src.utils.logging - INFO - train_model:92 - Training finished. accuracy_score: 0.6181818181818182
2020-05-16 15:55:23,180 - football_trading.src.utils.logging - INFO - train_model:92 - Training finished. accuracy_score: 0.6424242424242425
2020-05-16 15:55:24,482 - football_trading.src.utils.logging - INFO - train_model:92 - Training finished. accuracy_score: 0.5696969696969697
2020-05-16 15:55:25,802 - football_trading.src.utils.logging - INFO - train_model:92 - Training finished. accuracy_score: 0.5454545454545454
2020-05-16 15:55:27,109 - football_trading.src.utils.logging - INFO - train_model:92 - Training finished. accuracy_score: 0.5636363636363636
2020-05-16 15:55:28,488 - football_trading.src.utils.logging - INFO - train_model:92 - Training finished. accuracy_score: 0.5454545454545454
2020-05-16 15:55:28,489 - football_trading.src.utils.logging - INFO - save_model:195 - Saving model to /Users/chriscollins/Documents/GitHub/football_trading/packages/football_trading/football_trading/models/match-predict-base-remove-odds_XGBClassifier_2020-05-16_460600487123511623.joblib with joblib.
2020-05-16 15:55:28,873 - football_trading.src.utils.logging - INFO - save_model:205 - Model saved to S3 (football-trading/models/match-predict-base-remove-odds_XGBClassifier_2020-05-16_460600487123511623.joblib
2020-05-16 15:55:32,129 - football_trading.src.utils.logging - INFO - save_model:224 - Training data saved to S3 (football-trading/training_data/match-predict-base-remove-odds_XGBClassifier_2020-05-16_460600487123511623.joblib
2020-05-16 15:55:47,651 - football_trading.src.utils.logging - INFO - __init__:135 - Generating plots
