2020-03-28 16:10:10,275 - model - WARNING - get_attribute:14 - PROJECTSPATH is not specified as an environment variable
2020-03-28 16:10:10,276 - model - WARNING - get_attribute:16 - Retrieving fPROJECTSPATH from configuration.py file
2020-03-28 16:10:10,276 - model - WARNING - get_attribute:14 - BFEX_USER is not specified as an environment variable
2020-03-28 16:10:10,276 - model - WARNING - get_attribute:16 - Retrieving fBFEX_USER from configuration.py file
2020-03-28 16:10:10,276 - model - WARNING - get_attribute:14 - BFEX_PASSWORD is not specified as an environment variable
2020-03-28 16:10:10,276 - model - WARNING - get_attribute:16 - Retrieving fBFEX_PASSWORD from configuration.py file
2020-03-28 16:10:10,276 - model - WARNING - get_attribute:14 - BFEX_APP_KEY is not specified as an environment variable
2020-03-28 16:10:10,276 - model - WARNING - get_attribute:16 - Retrieving fBFEX_APP_KEY from configuration.py file
2020-03-28 16:10:10,276 - model - WARNING - get_attribute:14 - BFEX_CERTS_PATH is not specified as an environment variable
2020-03-28 16:10:10,276 - model - WARNING - get_attribute:16 - Retrieving fBFEX_CERTS_PATH from configuration.py file
2020-03-28 16:12:08,835 - model - WARNING - get_attribute:14 - PROJECTSPATH is not specified as an environment variable
2020-03-28 16:12:08,835 - model - WARNING - get_attribute:16 - Retrieving PROJECTSPATH from configuration.py file
2020-03-28 16:12:08,835 - model - WARNING - get_attribute:14 - BFEX_USER is not specified as an environment variable
2020-03-28 16:12:08,835 - model - WARNING - get_attribute:16 - Retrieving BFEX_USER from configuration.py file
2020-03-28 16:12:08,835 - model - WARNING - get_attribute:14 - BFEX_PASSWORD is not specified as an environment variable
2020-03-28 16:12:08,835 - model - WARNING - get_attribute:16 - Retrieving BFEX_PASSWORD from configuration.py file
2020-03-28 16:12:08,835 - model - WARNING - get_attribute:14 - BFEX_APP_KEY is not specified as an environment variable
2020-03-28 16:12:08,835 - model - WARNING - get_attribute:16 - Retrieving BFEX_APP_KEY from configuration.py file
2020-03-28 16:12:08,836 - model - WARNING - get_attribute:14 - BFEX_CERTS_PATH is not specified as an environment variable
2020-03-28 16:12:08,836 - model - WARNING - get_attribute:16 - Retrieving BFEX_CERTS_PATH from configuration.py file
2020-03-28 16:21:39,251 - model - WARNING - get_attribute:14 - PROJECTSPATH is not specified as an environment variable
2020-03-28 16:21:39,251 - model - WARNING - get_attribute:16 - Retrieving PROJECTSPATH from configuration.py file
2020-03-28 16:21:39,251 - model - WARNING - get_attribute:14 - DB_DIR is not specified as an environment variable
2020-03-28 16:21:39,251 - model - WARNING - get_attribute:16 - Retrieving DB_DIR from configuration.py file
2020-03-28 16:21:39,251 - model - WARNING - get_attribute:14 - BFEX_USER is not specified as an environment variable
2020-03-28 16:21:39,251 - model - WARNING - get_attribute:16 - Retrieving BFEX_USER from configuration.py file
2020-03-28 16:21:39,251 - model - WARNING - get_attribute:14 - BFEX_PASSWORD is not specified as an environment variable
2020-03-28 16:21:39,251 - model - WARNING - get_attribute:16 - Retrieving BFEX_PASSWORD from configuration.py file
2020-03-28 16:21:39,251 - model - WARNING - get_attribute:14 - BFEX_APP_KEY is not specified as an environment variable
2020-03-28 16:21:39,251 - model - WARNING - get_attribute:16 - Retrieving BFEX_APP_KEY from configuration.py file
2020-03-28 16:21:39,251 - model - WARNING - get_attribute:14 - BFEX_CERTS_PATH is not specified as an environment variable
2020-03-28 16:21:39,252 - model - WARNING - get_attribute:16 - Retrieving BFEX_CERTS_PATH from configuration.py file
2020-03-28 16:21:53,736 - model - WARNING - get_attribute:14 - PROJECTSPATH is not specified as an environment variable
2020-03-28 16:21:53,737 - model - WARNING - get_attribute:16 - Retrieving PROJECTSPATH from configuration.py file
2020-03-28 16:21:53,737 - model - WARNING - get_attribute:14 - DB_DIR is not specified as an environment variable
2020-03-28 16:21:53,737 - model - WARNING - get_attribute:16 - Retrieving DB_DIR from configuration.py file
2020-03-28 16:21:53,737 - model - WARNING - get_attribute:14 - BFEX_USER is not specified as an environment variable
2020-03-28 16:21:53,737 - model - WARNING - get_attribute:16 - Retrieving BFEX_USER from configuration.py file
2020-03-28 16:21:53,737 - model - WARNING - get_attribute:14 - BFEX_PASSWORD is not specified as an environment variable
2020-03-28 16:21:53,737 - model - WARNING - get_attribute:16 - Retrieving BFEX_PASSWORD from configuration.py file
2020-03-28 16:21:53,737 - model - WARNING - get_attribute:14 - BFEX_APP_KEY is not specified as an environment variable
2020-03-28 16:21:53,737 - model - WARNING - get_attribute:16 - Retrieving BFEX_APP_KEY from configuration.py file
2020-03-28 16:21:53,738 - model - WARNING - get_attribute:14 - BFEX_CERTS_PATH is not specified as an environment variable
2020-03-28 16:21:53,738 - model - WARNING - get_attribute:16 - Retrieving BFEX_CERTS_PATH from configuration.py file
2020-03-28 16:22:42,585 - model - WARNING - get_attribute:14 - PROJECTSPATH is not specified as an environment variable
2020-03-28 16:22:42,585 - model - WARNING - get_attribute:16 - Retrieving PROJECTSPATH from configuration.py file
2020-03-28 16:22:42,586 - model - WARNING - get_attribute:14 - DB_DIR is not specified as an environment variable
2020-03-28 16:22:42,586 - model - WARNING - get_attribute:16 - Retrieving DB_DIR from configuration.py file
2020-03-28 16:22:42,586 - model - WARNING - get_attribute:14 - BFEX_USER is not specified as an environment variable
2020-03-28 16:22:42,586 - model - WARNING - get_attribute:16 - Retrieving BFEX_USER from configuration.py file
2020-03-28 16:22:42,586 - model - WARNING - get_attribute:14 - BFEX_PASSWORD is not specified as an environment variable
2020-03-28 16:22:42,586 - model - WARNING - get_attribute:16 - Retrieving BFEX_PASSWORD from configuration.py file
2020-03-28 16:22:42,586 - model - WARNING - get_attribute:14 - BFEX_APP_KEY is not specified as an environment variable
2020-03-28 16:22:42,586 - model - WARNING - get_attribute:16 - Retrieving BFEX_APP_KEY from configuration.py file
2020-03-28 16:22:42,586 - model - WARNING - get_attribute:14 - BFEX_CERTS_PATH is not specified as an environment variable
2020-03-28 16:22:42,586 - model - WARNING - get_attribute:16 - Retrieving BFEX_CERTS_PATH from configuration.py file
2020-03-28 16:23:18,360 - model - WARNING - get_attribute:14 - PROJECTSPATH is not specified as an environment variable
2020-03-28 16:23:18,361 - model - WARNING - get_attribute:16 - Retrieving PROJECTSPATH from configuration.py file
2020-03-28 16:23:18,361 - model - WARNING - get_attribute:14 - DB_DIR is not specified as an environment variable
2020-03-28 16:23:18,361 - model - WARNING - get_attribute:16 - Retrieving DB_DIR from configuration.py file
2020-03-28 16:23:18,361 - model - WARNING - get_attribute:14 - BFEX_USER is not specified as an environment variable
2020-03-28 16:23:18,361 - model - WARNING - get_attribute:16 - Retrieving BFEX_USER from configuration.py file
2020-03-28 16:23:18,361 - model - WARNING - get_attribute:14 - BFEX_PASSWORD is not specified as an environment variable
2020-03-28 16:23:18,361 - model - WARNING - get_attribute:16 - Retrieving BFEX_PASSWORD from configuration.py file
2020-03-28 16:23:18,361 - model - WARNING - get_attribute:14 - BFEX_APP_KEY is not specified as an environment variable
2020-03-28 16:23:18,361 - model - WARNING - get_attribute:16 - Retrieving BFEX_APP_KEY from configuration.py file
2020-03-28 16:23:18,361 - model - WARNING - get_attribute:14 - BFEX_CERTS_PATH is not specified as an environment variable
2020-03-28 16:23:18,361 - model - WARNING - get_attribute:16 - Retrieving BFEX_CERTS_PATH from configuration.py file
2020-03-28 16:25:53,916 - model - WARNING - get_attribute:14 - PROJECTSPATH is not specified as an environment variable
2020-03-28 16:25:53,916 - model - WARNING - get_attribute:16 - Retrieving PROJECTSPATH from configuration.py file
2020-03-28 16:25:53,916 - model - WARNING - get_attribute:14 - DB_DIR is not specified as an environment variable
2020-03-28 16:25:53,916 - model - WARNING - get_attribute:16 - Retrieving DB_DIR from configuration.py file
2020-03-28 16:25:53,916 - model - WARNING - get_attribute:14 - BFEX_USER is not specified as an environment variable
2020-03-28 16:25:53,916 - model - WARNING - get_attribute:16 - Retrieving BFEX_USER from configuration.py file
2020-03-28 16:25:53,916 - model - WARNING - get_attribute:14 - BFEX_PASSWORD is not specified as an environment variable
2020-03-28 16:25:53,917 - model - WARNING - get_attribute:16 - Retrieving BFEX_PASSWORD from configuration.py file
2020-03-28 16:25:53,917 - model - WARNING - get_attribute:14 - BFEX_APP_KEY is not specified as an environment variable
2020-03-28 16:25:53,917 - model - WARNING - get_attribute:16 - Retrieving BFEX_APP_KEY from configuration.py file
2020-03-28 16:25:53,917 - model - WARNING - get_attribute:14 - BFEX_CERTS_PATH is not specified as an environment variable
2020-03-28 16:25:53,917 - model - WARNING - get_attribute:16 - Retrieving BFEX_CERTS_PATH from configuration.py file
2020-03-28 16:25:54,124 - model - INFO - update_tables:58 - Tables are up to date, skipping update.
2020-03-28 16:25:54,124 - model - INFO - update_tables:58 - Tables are up to date, skipping update.
2020-03-28 16:25:54,124 - model - INFO - update_tables:58 - Tables are up to date, skipping update.
2020-03-28 16:25:54,124 - model - INFO - update_tables:58 - Tables are up to date, skipping update.
2020-03-28 16:25:54,124 - model - INFO - update_tables:58 - Tables are up to date, skipping update.
2020-03-28 16:25:54,124 - model - INFO - update_tables:58 - Tables are up to date, skipping update.
2020-03-28 16:25:54,136 - model - INFO - make_predictions:21 - Making predictions for upcoming games: Empty DataFrame
Columns: [kickoff_time, home_id, home_name, away_id, away_name, home_odds, draw_odds, away_odds]
Index: []
2020-03-28 16:25:54,136 - model - INFO - make_predictions:21 - Making predictions for upcoming games: Empty DataFrame
Columns: [kickoff_time, home_id, home_name, away_id, away_name, home_odds, draw_odds, away_odds]
Index: []
2020-03-28 16:25:54,136 - model - INFO - make_predictions:21 - Making predictions for upcoming games: Empty DataFrame
Columns: [kickoff_time, home_id, home_name, away_id, away_name, home_odds, draw_odds, away_odds]
Index: []
2020-03-28 16:25:54,136 - model - INFO - make_predictions:21 - Making predictions for upcoming games: Empty DataFrame
Columns: [kickoff_time, home_id, home_name, away_id, away_name, home_odds, draw_odds, away_odds]
Index: []
2020-03-28 16:25:54,136 - model - INFO - make_predictions:21 - Making predictions for upcoming games: Empty DataFrame
Columns: [kickoff_time, home_id, home_name, away_id, away_name, home_odds, draw_odds, away_odds]
Index: []
2020-03-28 16:25:54,136 - model - INFO - make_predictions:21 - Making predictions for upcoming games: Empty DataFrame
Columns: [kickoff_time, home_id, home_name, away_id, away_name, home_odds, draw_odds, away_odds]
Index: []
2020-03-28 16:27:20,246 - model - WARNING - get_attribute:14 - PROJECTSPATH is not specified as an environment variable
2020-03-28 16:27:20,246 - model - WARNING - get_attribute:16 - Retrieving PROJECTSPATH from configuration.py file
2020-03-28 16:27:20,246 - model - WARNING - get_attribute:14 - DB_DIR is not specified as an environment variable
2020-03-28 16:27:20,246 - model - WARNING - get_attribute:16 - Retrieving DB_DIR from configuration.py file
2020-03-28 16:27:20,246 - model - WARNING - get_attribute:14 - BFEX_USER is not specified as an environment variable
2020-03-28 16:27:20,246 - model - WARNING - get_attribute:16 - Retrieving BFEX_USER from configuration.py file
2020-03-28 16:27:20,246 - model - WARNING - get_attribute:14 - BFEX_PASSWORD is not specified as an environment variable
2020-03-28 16:27:20,246 - model - WARNING - get_attribute:16 - Retrieving BFEX_PASSWORD from configuration.py file
2020-03-28 16:27:20,246 - model - WARNING - get_attribute:14 - BFEX_APP_KEY is not specified as an environment variable
2020-03-28 16:27:20,246 - model - WARNING - get_attribute:16 - Retrieving BFEX_APP_KEY from configuration.py file
2020-03-28 16:27:20,246 - model - WARNING - get_attribute:14 - BFEX_CERTS_PATH is not specified as an environment variable
2020-03-28 16:27:20,247 - model - WARNING - get_attribute:16 - Retrieving BFEX_CERTS_PATH from configuration.py file
2020-03-28 16:27:20,430 - model - INFO - update_tables:60 - Tables are up to date, skipping update.
2020-03-28 16:27:20,430 - model - INFO - update_tables:60 - Tables are up to date, skipping update.
2020-03-28 16:27:20,430 - model - INFO - update_tables:60 - Tables are up to date, skipping update.
2020-03-28 16:27:20,430 - model - INFO - update_tables:60 - Tables are up to date, skipping update.
2020-03-28 16:27:20,430 - model - INFO - update_tables:60 - Tables are up to date, skipping update.
2020-03-28 16:27:20,430 - model - INFO - update_tables:60 - Tables are up to date, skipping update.
2020-03-28 16:27:20,430 - model - WARNING - load_model:139 - No available models of type XGBClassifier.
2020-03-28 16:27:20,430 - model - WARNING - load_model:139 - No available models of type XGBClassifier.
2020-03-28 16:27:20,430 - model - WARNING - load_model:139 - No available models of type XGBClassifier.
2020-03-28 16:27:20,430 - model - WARNING - load_model:139 - No available models of type XGBClassifier.
2020-03-28 16:27:20,430 - model - WARNING - load_model:139 - No available models of type XGBClassifier.
2020-03-28 16:27:20,430 - model - WARNING - load_model:139 - No available models of type XGBClassifier.
2020-03-28 16:27:20,431 - model - INFO - __init__:62 - Training a new model.
2020-03-28 16:27:20,431 - model - INFO - __init__:62 - Training a new model.
2020-03-28 16:27:20,431 - model - INFO - __init__:62 - Training a new model.
2020-03-28 16:27:20,431 - model - INFO - __init__:62 - Training a new model.
2020-03-28 16:27:20,431 - model - INFO - __init__:62 - Training a new model.
2020-03-28 16:27:20,431 - model - INFO - __init__:62 - Training a new model.
2020-03-28 16:27:20,507 - model - INFO - get_data:117 - Pre-processing data and generating features.
2020-03-28 16:27:20,507 - model - INFO - get_data:117 - Pre-processing data and generating features.
2020-03-28 16:27:20,507 - model - INFO - get_data:117 - Pre-processing data and generating features.
2020-03-28 16:27:20,507 - model - INFO - get_data:117 - Pre-processing data and generating features.
2020-03-28 16:27:20,507 - model - INFO - get_data:117 - Pre-processing data and generating features.
2020-03-28 16:27:20,507 - model - INFO - get_data:117 - Pre-processing data and generating features.
2020-03-28 16:28:09,195 - model - WARNING - get_attribute:14 - PROJECTSPATH is not specified as an environment variable
2020-03-28 16:28:09,195 - model - WARNING - get_attribute:16 - Retrieving PROJECTSPATH from configuration.py file
2020-03-28 16:28:09,195 - model - WARNING - get_attribute:14 - DB_DIR is not specified as an environment variable
2020-03-28 16:28:09,195 - model - WARNING - get_attribute:16 - Retrieving DB_DIR from configuration.py file
2020-03-28 16:28:09,196 - model - WARNING - get_attribute:14 - BFEX_USER is not specified as an environment variable
2020-03-28 16:28:09,196 - model - WARNING - get_attribute:16 - Retrieving BFEX_USER from configuration.py file
2020-03-28 16:28:09,196 - model - WARNING - get_attribute:14 - BFEX_PASSWORD is not specified as an environment variable
2020-03-28 16:28:09,196 - model - WARNING - get_attribute:16 - Retrieving BFEX_PASSWORD from configuration.py file
2020-03-28 16:28:09,196 - model - WARNING - get_attribute:14 - BFEX_APP_KEY is not specified as an environment variable
2020-03-28 16:28:09,196 - model - WARNING - get_attribute:16 - Retrieving BFEX_APP_KEY from configuration.py file
2020-03-28 16:28:09,196 - model - WARNING - get_attribute:14 - BFEX_CERTS_PATH is not specified as an environment variable
2020-03-28 16:28:09,196 - model - WARNING - get_attribute:16 - Retrieving BFEX_CERTS_PATH from configuration.py file
2020-03-28 16:31:09,963 - model - WARNING - get_attribute:14 - PROJECTSPATH is not specified as an environment variable
2020-03-28 16:31:09,963 - model - WARNING - get_attribute:16 - Retrieving PROJECTSPATH from configuration.py file
2020-03-28 16:31:09,963 - model - WARNING - get_attribute:14 - DB_DIR is not specified as an environment variable
2020-03-28 16:31:09,963 - model - WARNING - get_attribute:16 - Retrieving DB_DIR from configuration.py file
2020-03-28 16:31:09,963 - model - WARNING - get_attribute:14 - RECREATE_DB is not specified as an environment variable
2020-03-28 16:31:36,627 - model - WARNING - get_attribute:14 - PROJECTSPATH is not specified as an environment variable
2020-03-28 16:31:36,627 - model - WARNING - get_attribute:16 - Retrieving PROJECTSPATH from configuration.py file
2020-03-28 16:31:36,627 - model - WARNING - get_attribute:14 - DB_DIR is not specified as an environment variable
2020-03-28 16:31:36,627 - model - WARNING - get_attribute:16 - Retrieving DB_DIR from configuration.py file
2020-03-28 16:31:36,627 - model - WARNING - get_attribute:14 - RECREATE_DB is not specified as an environment variable
2020-03-28 16:31:36,627 - model - WARNING - get_attribute:16 - Retrieving RECREATE_DB from configuration.py file
2020-03-28 16:31:36,627 - model - WARNING - get_attribute:14 - BFEX_USER is not specified as an environment variable
2020-03-28 16:31:36,627 - model - WARNING - get_attribute:16 - Retrieving BFEX_USER from configuration.py file
2020-03-28 16:31:36,627 - model - WARNING - get_attribute:14 - BFEX_PASSWORD is not specified as an environment variable
2020-03-28 16:31:36,628 - model - WARNING - get_attribute:16 - Retrieving BFEX_PASSWORD from configuration.py file
2020-03-28 16:31:36,628 - model - WARNING - get_attribute:14 - BFEX_APP_KEY is not specified as an environment variable
2020-03-28 16:31:36,628 - model - WARNING - get_attribute:16 - Retrieving BFEX_APP_KEY from configuration.py file
2020-03-28 16:31:36,628 - model - WARNING - get_attribute:14 - BFEX_CERTS_PATH is not specified as an environment variable
2020-03-28 16:31:36,628 - model - WARNING - get_attribute:16 - Retrieving BFEX_CERTS_PATH from configuration.py file
2020-03-28 16:31:36,814 - model - INFO - update_tables:60 - Tables are up to date, skipping update.
2020-03-28 16:31:36,814 - model - INFO - update_tables:60 - Tables are up to date, skipping update.
2020-03-28 16:31:36,814 - model - INFO - update_tables:60 - Tables are up to date, skipping update.
2020-03-28 16:31:36,814 - model - INFO - update_tables:60 - Tables are up to date, skipping update.
2020-03-28 16:31:36,814 - model - INFO - update_tables:60 - Tables are up to date, skipping update.
2020-03-28 16:31:36,814 - model - INFO - update_tables:60 - Tables are up to date, skipping update.
2020-03-28 16:31:36,814 - model - WARNING - load_model:139 - No available models of type XGBClassifier.
2020-03-28 16:31:36,814 - model - WARNING - load_model:139 - No available models of type XGBClassifier.
2020-03-28 16:31:36,814 - model - WARNING - load_model:139 - No available models of type XGBClassifier.
2020-03-28 16:31:36,814 - model - WARNING - load_model:139 - No available models of type XGBClassifier.
2020-03-28 16:31:36,814 - model - WARNING - load_model:139 - No available models of type XGBClassifier.
2020-03-28 16:31:36,814 - model - WARNING - load_model:139 - No available models of type XGBClassifier.
2020-03-28 16:31:36,815 - model - INFO - __init__:62 - Training a new model.
2020-03-28 16:31:36,815 - model - INFO - __init__:62 - Training a new model.
2020-03-28 16:31:36,815 - model - INFO - __init__:62 - Training a new model.
2020-03-28 16:31:36,815 - model - INFO - __init__:62 - Training a new model.
2020-03-28 16:31:36,815 - model - INFO - __init__:62 - Training a new model.
2020-03-28 16:31:36,815 - model - INFO - __init__:62 - Training a new model.
2020-03-28 16:31:36,890 - model - INFO - get_data:117 - Pre-processing data and generating features.
2020-03-28 16:31:36,890 - model - INFO - get_data:117 - Pre-processing data and generating features.
2020-03-28 16:31:36,890 - model - INFO - get_data:117 - Pre-processing data and generating features.
2020-03-28 16:31:36,890 - model - INFO - get_data:117 - Pre-processing data and generating features.
2020-03-28 16:31:36,890 - model - INFO - get_data:117 - Pre-processing data and generating features.
2020-03-28 16:31:36,890 - model - INFO - get_data:117 - Pre-processing data and generating features.
2020-03-28 16:33:31,176 - model - INFO - optimise_hyperparams:33 - Optimising hyper-parameters. Param grid: {'max_depth': [2, 4, 6], 'n_estimators': [50, 100, 200]}
2020-03-28 16:33:31,176 - model - INFO - optimise_hyperparams:33 - Optimising hyper-parameters. Param grid: {'max_depth': [2, 4, 6], 'n_estimators': [50, 100, 200]}
2020-03-28 16:33:31,176 - model - INFO - optimise_hyperparams:33 - Optimising hyper-parameters. Param grid: {'max_depth': [2, 4, 6], 'n_estimators': [50, 100, 200]}
2020-03-28 16:33:31,176 - model - INFO - optimise_hyperparams:33 - Optimising hyper-parameters. Param grid: {'max_depth': [2, 4, 6], 'n_estimators': [50, 100, 200]}
2020-03-28 16:33:31,176 - model - INFO - optimise_hyperparams:33 - Optimising hyper-parameters. Param grid: {'max_depth': [2, 4, 6], 'n_estimators': [50, 100, 200]}
2020-03-28 16:33:31,176 - model - INFO - optimise_hyperparams:33 - Optimising hyper-parameters. Param grid: {'max_depth': [2, 4, 6], 'n_estimators': [50, 100, 200]}
2020-03-28 16:34:41,362 - model - INFO - optimise_hyperparams:39 - Best hyper-parameters: {'max_depth': 2, 'n_estimators': 50}
2020-03-28 16:34:41,362 - model - INFO - optimise_hyperparams:39 - Best hyper-parameters: {'max_depth': 2, 'n_estimators': 50}
2020-03-28 16:34:41,362 - model - INFO - optimise_hyperparams:39 - Best hyper-parameters: {'max_depth': 2, 'n_estimators': 50}
2020-03-28 16:34:41,362 - model - INFO - optimise_hyperparams:39 - Best hyper-parameters: {'max_depth': 2, 'n_estimators': 50}
2020-03-28 16:34:41,362 - model - INFO - optimise_hyperparams:39 - Best hyper-parameters: {'max_depth': 2, 'n_estimators': 50}
2020-03-28 16:34:41,362 - model - INFO - optimise_hyperparams:39 - Best hyper-parameters: {'max_depth': 2, 'n_estimators': 50}
2020-03-28 16:34:41,362 - model - INFO - train_model:46 - Training model.
2020-03-28 16:34:41,362 - model - INFO - train_model:46 - Training model.
2020-03-28 16:34:41,362 - model - INFO - train_model:46 - Training model.
2020-03-28 16:34:41,362 - model - INFO - train_model:46 - Training model.
2020-03-28 16:34:41,362 - model - INFO - train_model:46 - Training model.
2020-03-28 16:34:41,362 - model - INFO - train_model:46 - Training model.
2020-03-28 16:34:41,827 - model - INFO - train_model:88 - Training finished. accuracy_score: 0.5794871794871795
2020-03-28 16:34:41,827 - model - INFO - train_model:88 - Training finished. accuracy_score: 0.5794871794871795
2020-03-28 16:34:41,827 - model - INFO - train_model:88 - Training finished. accuracy_score: 0.5794871794871795
2020-03-28 16:34:41,827 - model - INFO - train_model:88 - Training finished. accuracy_score: 0.5794871794871795
2020-03-28 16:34:41,827 - model - INFO - train_model:88 - Training finished. accuracy_score: 0.5794871794871795
2020-03-28 16:34:41,827 - model - INFO - train_model:88 - Training finished. accuracy_score: 0.5794871794871795
2020-03-28 16:34:42,306 - model - INFO - train_model:88 - Training finished. accuracy_score: 0.6102564102564103
2020-03-28 16:34:42,306 - model - INFO - train_model:88 - Training finished. accuracy_score: 0.6102564102564103
2020-03-28 16:34:42,306 - model - INFO - train_model:88 - Training finished. accuracy_score: 0.6102564102564103
2020-03-28 16:34:42,306 - model - INFO - train_model:88 - Training finished. accuracy_score: 0.6102564102564103
2020-03-28 16:34:42,306 - model - INFO - train_model:88 - Training finished. accuracy_score: 0.6102564102564103
2020-03-28 16:34:42,306 - model - INFO - train_model:88 - Training finished. accuracy_score: 0.6102564102564103
2020-03-28 16:34:42,783 - model - INFO - train_model:88 - Training finished. accuracy_score: 0.6102564102564103
2020-03-28 16:34:42,783 - model - INFO - train_model:88 - Training finished. accuracy_score: 0.6102564102564103
2020-03-28 16:34:42,783 - model - INFO - train_model:88 - Training finished. accuracy_score: 0.6102564102564103
2020-03-28 16:34:42,783 - model - INFO - train_model:88 - Training finished. accuracy_score: 0.6102564102564103
2020-03-28 16:34:42,783 - model - INFO - train_model:88 - Training finished. accuracy_score: 0.6102564102564103
2020-03-28 16:34:42,783 - model - INFO - train_model:88 - Training finished. accuracy_score: 0.6102564102564103
2020-03-28 16:34:43,270 - model - INFO - train_model:88 - Training finished. accuracy_score: 0.6102564102564103
2020-03-28 16:34:43,270 - model - INFO - train_model:88 - Training finished. accuracy_score: 0.6102564102564103
2020-03-28 16:34:43,270 - model - INFO - train_model:88 - Training finished. accuracy_score: 0.6102564102564103
2020-03-28 16:34:43,270 - model - INFO - train_model:88 - Training finished. accuracy_score: 0.6102564102564103
2020-03-28 16:34:43,270 - model - INFO - train_model:88 - Training finished. accuracy_score: 0.6102564102564103
2020-03-28 16:34:43,270 - model - INFO - train_model:88 - Training finished. accuracy_score: 0.6102564102564103
2020-03-28 16:34:43,761 - model - INFO - train_model:88 - Training finished. accuracy_score: 0.6102564102564103
2020-03-28 16:34:43,761 - model - INFO - train_model:88 - Training finished. accuracy_score: 0.6102564102564103
2020-03-28 16:34:43,761 - model - INFO - train_model:88 - Training finished. accuracy_score: 0.6102564102564103
2020-03-28 16:34:43,761 - model - INFO - train_model:88 - Training finished. accuracy_score: 0.6102564102564103
2020-03-28 16:34:43,761 - model - INFO - train_model:88 - Training finished. accuracy_score: 0.6102564102564103
2020-03-28 16:34:43,761 - model - INFO - train_model:88 - Training finished. accuracy_score: 0.6102564102564103
2020-03-28 16:34:44,257 - model - INFO - train_model:88 - Training finished. accuracy_score: 0.634020618556701
2020-03-28 16:34:44,257 - model - INFO - train_model:88 - Training finished. accuracy_score: 0.634020618556701
2020-03-28 16:34:44,257 - model - INFO - train_model:88 - Training finished. accuracy_score: 0.634020618556701
2020-03-28 16:34:44,257 - model - INFO - train_model:88 - Training finished. accuracy_score: 0.634020618556701
2020-03-28 16:34:44,257 - model - INFO - train_model:88 - Training finished. accuracy_score: 0.634020618556701
2020-03-28 16:34:44,257 - model - INFO - train_model:88 - Training finished. accuracy_score: 0.634020618556701
2020-03-28 16:34:44,776 - model - INFO - train_model:88 - Training finished. accuracy_score: 0.634020618556701
2020-03-28 16:34:44,776 - model - INFO - train_model:88 - Training finished. accuracy_score: 0.634020618556701
2020-03-28 16:34:44,776 - model - INFO - train_model:88 - Training finished. accuracy_score: 0.634020618556701
2020-03-28 16:34:44,776 - model - INFO - train_model:88 - Training finished. accuracy_score: 0.634020618556701
2020-03-28 16:34:44,776 - model - INFO - train_model:88 - Training finished. accuracy_score: 0.634020618556701
2020-03-28 16:34:44,776 - model - INFO - train_model:88 - Training finished. accuracy_score: 0.634020618556701
2020-03-28 16:34:45,285 - model - INFO - train_model:88 - Training finished. accuracy_score: 0.634020618556701
2020-03-28 16:34:45,285 - model - INFO - train_model:88 - Training finished. accuracy_score: 0.634020618556701
2020-03-28 16:34:45,285 - model - INFO - train_model:88 - Training finished. accuracy_score: 0.634020618556701
2020-03-28 16:34:45,285 - model - INFO - train_model:88 - Training finished. accuracy_score: 0.634020618556701
2020-03-28 16:34:45,285 - model - INFO - train_model:88 - Training finished. accuracy_score: 0.634020618556701
2020-03-28 16:34:45,285 - model - INFO - train_model:88 - Training finished. accuracy_score: 0.634020618556701
2020-03-28 16:34:45,799 - model - INFO - train_model:88 - Training finished. accuracy_score: 0.634020618556701
2020-03-28 16:34:45,799 - model - INFO - train_model:88 - Training finished. accuracy_score: 0.634020618556701
2020-03-28 16:34:45,799 - model - INFO - train_model:88 - Training finished. accuracy_score: 0.634020618556701
2020-03-28 16:34:45,799 - model - INFO - train_model:88 - Training finished. accuracy_score: 0.634020618556701
2020-03-28 16:34:45,799 - model - INFO - train_model:88 - Training finished. accuracy_score: 0.634020618556701
2020-03-28 16:34:45,799 - model - INFO - train_model:88 - Training finished. accuracy_score: 0.634020618556701
2020-03-28 16:34:46,318 - model - INFO - train_model:88 - Training finished. accuracy_score: 0.634020618556701
2020-03-28 16:34:46,318 - model - INFO - train_model:88 - Training finished. accuracy_score: 0.634020618556701
2020-03-28 16:34:46,318 - model - INFO - train_model:88 - Training finished. accuracy_score: 0.634020618556701
2020-03-28 16:34:46,318 - model - INFO - train_model:88 - Training finished. accuracy_score: 0.634020618556701
2020-03-28 16:34:46,318 - model - INFO - train_model:88 - Training finished. accuracy_score: 0.634020618556701
2020-03-28 16:34:46,318 - model - INFO - train_model:88 - Training finished. accuracy_score: 0.634020618556701
